<?xml version="1.0" encoding="UTF-8"?>
<!-- Generated by org.testng.reporters.JUnitReportReporter -->
<testsuite hostname="DESKTOP-CTNIRRU" failures="0" tests="2" name="parallelExecutionLearn.GoogleTest" time="16.682" errors="0" timestamp="2024-01-12T11:17:19 IST" skipped="0">
  <testcase classname="parallelExecutionLearn.GoogleTest" name="hello" time="9.822"/>
  <system-out/>
  <testcase classname="parallelExecutionLearn.GoogleTest" name="hello" time="6.860"/>
  <system-out/>
</testsuite> <!-- parallelExecutionLearn.GoogleTest -->
