<?xml version="1.0" encoding="UTF-8"?>
<!-- Generated by org.testng.reporters.JUnitReportReporter -->
<testsuite hostname="DESKTOP-CTNIRRU" failures="0" tests="1" name="dataBaseWorkOut.SQLConnectionQuery" time="2.097" errors="0" timestamp="2024-03-25T07:47:04 IST" skipped="0">
  <testcase classname="dataBaseWorkOut.SQLConnectionQuery" name="sqlExecution" time="2.097"/>
  <system-out/>
</testsuite> <!-- dataBaseWorkOut.SQLConnectionQuery -->
