<?xml version="1.0" encoding="UTF-8"?>
<!-- Generated by org.testng.reporters.JUnitReportReporter -->
<testsuite hostname="DESKTOP-CTNIRRU" failures="0" tests="1" name="gridLearn.GridTrail" time="22.150" errors="1" timestamp="2023-12-09T11:03:15 IST" skipped="0">
  <testcase classname="gridLearn.GridTrail" name="testGrid" time="22.150">
    <error message="Could not start a new session. Unable to parse remote response: &lt;html&gt;&lt;head&gt;&lt;script src=&#039;/grid/resources/org/openqa/grid/images/jquery-3.1.1.min.js&#039;&gt;&lt;/script&gt;&lt;script src=&#039;/grid/resources/org/openqa/grid/images/consoleservlet.js&#039;&gt;&lt;/script&gt;&lt;link href=&#039;/grid/resources/org/openqa/grid/images/consoleservlet.css&#039; rel=&#039;stylesheet&#039; type=&#039;text/css&#039; /&gt;&lt;link href=&#039;/grid/resources/org/openqa/grid/images/favicon.ico&#039; rel=&#039;icon&#039; type=&#039;image/x-icon&#039; /&gt;&lt;title&gt;Grid Console&lt;/title&gt;&lt;style&gt;.busy { opacity : 0.4;filter: alpha(opacity=40);}&lt;/style&gt;&lt;/head&gt;&lt;body&gt;&lt;div id=&#039;main-content&#039;&gt;&lt;div id=&#039;header&#039;&gt;&lt;h1&gt;&lt;a href=&#039;/grid/console&#039;&gt;Selenium&lt;/a&gt;&lt;/h1&gt;&lt;h2&gt;Grid Console v.3.141.59&lt;/h2&gt;&lt;div&gt;&lt;a id=&#039;helplink&#039; target=&#039;_blank&#039; href=&#039;https://github.com/SeleniumHQ/selenium/wiki/Grid2&#039;&gt;Help&lt;/a&gt;&lt;/div&gt;&lt;/div&gt;&lt;div id=&#039;left-column&#039;&gt;&lt;div class=&#039;proxy&#039;&gt;&lt;p class=&#039;proxyname&#039;&gt;DefaultRemoteProxy unknown version,Failed to connect to /192.168.68.116:34071&lt;p class=&#039;proxyid&#039;&gt;id : http://192.168.68.116:34071, OS : mixed OS&lt;/p&gt;&lt;div class=&#039;tabs&#039;&gt;&lt;ul&gt;&lt;li class=&#039;tab&#039; type=&#039;browsers&#039;&gt;&lt;a title=&#039;test slots&#039; href=&#039;#&#039;&gt;Browsers&lt;/a&gt;&lt;/li&gt;&lt;li class=&#039;tab&#039; type=&#039;config&#039;&gt;&lt;a title=&#039;node configuration&#039; href=&#039;#&#039;&gt;Configuration&lt;/a&gt;&lt;/li&gt;&lt;/ul&gt;&lt;/div&gt;&lt;div class=&#039;content&#039;&gt;&lt;div type=&#039;browsers&#039; class=&#039;content_detail&#039;&gt;&lt;p class=&#039;protocol&#039; &gt;WebDriver&lt;/p&gt;&lt;p&gt;v:&lt;img src=&#039;/grid/resources/org/openqa/grid/images/internet_explorer.png&#039; width=&#039;16&#039; height=&#039;16&#039; title=&#039;{server:CONFIG_UUID=390e11e1-4236-414a-8ee8-1b3c4525aa2c, seleniumProtocol=WebDriver, browserName=internet explorer, maxInstances=1, platformName=WINDOWS, platform=WINDOWS}&#039; /&gt;
&lt;/p&gt;&lt;p&gt;v:&lt;img src=&#039;/grid/resources/org/openqa/grid/images/firefox.png&#039; width=&#039;16&#039; height=&#039;16&#039; title=&#039;{server:CONFIG_UUID=7baad8b6-c5fb-4255-871a-6032579a0a0f, seleniumProtocol=WebDriver, marionette=true, browserName=firefox, maxInstances=5, platformName=XP, platform=XP}&#039; /&gt;
&lt;img src=&#039;/grid/resources/org/openqa/grid/images/firefox.png&#039; width=&#039;16&#039; height=&#039;16&#039; title=&#039;{server:CONFIG_UUID=7baad8b6-c5fb-4255-871a-6032579a0a0f, seleniumProtocol=WebDriver, marionette=true, browserName=firefox, maxInstances=5, platformName=XP, platform=XP}&#039; /&gt;
&lt;img src=&#039;/grid/resources/org/openqa/grid/images/firefox.png&#039; width=&#039;16&#039; height=&#039;16&#039; title=&#039;{server:CONFIG_UUID=7baad8b6-c5fb-4255-871a-6032579a0a0f, seleniumProtocol=WebDriver, marionette=true, browserName=firefox, maxInstances=5, platformName=XP, platform=XP}&#039; /&gt;
&lt;img src=&#039;/grid/resources/org/openqa/grid/images/firefox.png&#039; width=&#039;16&#039; height=&#039;16&#039; title=&#039;{server:CONFIG_UUID=7baad8b6-c5fb-4255-871a-6032579a0a0f, seleniumProtocol=WebDriver, marionette=true, browserName=firefox, maxInstances=5, platformName=XP, platform=XP}&#039; /&gt;
&lt;img src=&#039;/grid/resources/org/openqa/grid/images/firefox.png&#039; width=&#039;16&#039; height=&#039;16&#039; title=&#039;{server:CONFIG_UUID=7baad8b6-c5fb-4255-871a-6032579a0a0f, seleniumProtocol=WebDriver, marionette=true, browserName=firefox, maxInstances=5, platformName=XP, platform=XP}&#039; /&gt;
&lt;/p&gt;&lt;p&gt;v:&lt;img src=&#039;/grid/resources/org/openqa/grid/images/chrome.png&#039; width=&#039;16&#039; height=&#039;16&#039; title=&#039;{server:CONFIG_UUID=231ce08d-af36-4bca-b8ac-29746563f3c0, seleniumProtocol=WebDriver, browserName=chrome, maxInstances=5, platformName=XP, platform=XP}&#039; /&gt;
&lt;img src=&#039;/grid/resources/org/openqa/grid/images/chrome.png&#039; width=&#039;16&#039; height=&#039;16&#039; title=&#039;{server:CONFIG_UUID=231ce08d-af36-4bca-b8ac-29746563f3c0, seleniumProtocol=WebDriver, browserName=chrome, maxInstances=5, platformName=XP, platform=XP}&#039; /&gt;
&lt;img src=&#039;/grid/resources/org/openqa/grid/images/chrome.png&#039; width=&#039;16&#039; height=&#039;16&#039; title=&#039;{server:CONFIG_UUID=231ce08d-af36-4bca-b8ac-29746563f3c0, seleniumProtocol=WebDriver, browserName=chrome, maxInstances=5, platformName=XP, platform=XP}&#039; /&gt;
&lt;img src=&#039;/grid/resources/org/openqa/grid/images/chrome.png&#039; width=&#039;16&#039; height=&#039;16&#039; title=&#039;{server:CONFIG_UUID=231ce08d-af36-4bca-b8ac-29746563f3c0, seleniumProtocol=WebDriver, browserName=chrome, maxInstances=5, platformName=XP, platform=XP}&#039; /&gt;
&lt;img src=&#039;/grid/resources/org/openqa/grid/images/chrome.png&#039; width=&#039;16&#039; height=&#039;16&#039; title=&#039;{server:CONFIG_UUID=231ce08d-af36-4bca-b8ac-29746563f3c0, seleniumProtocol=WebDriver, browserName=chrome, maxInstances=5, platformName=XP, platform=XP}&#039; /&gt;
&lt;/p&gt;&lt;/div&gt;&lt;div type=&#039;config&#039; class=&#039;content_detail&#039;&gt;&lt;p&gt;browserTimeout: 0&lt;/p&gt;&lt;p&gt;debug: false&lt;/p&gt;&lt;p&gt;host: 192.168.68.116&lt;/p&gt;&lt;p&gt;port: 34071&lt;/p&gt;&lt;p&gt;role: node&lt;/p&gt;&lt;p&gt;timeout: 1800&lt;/p&gt;&lt;p&gt;cleanUpCycle: 5000&lt;/p&gt;&lt;p&gt;maxSession: 5&lt;/p&gt;&lt;p&gt;capabilities: Capabilities {browserName: firefox, marionette: true, maxInstances: 5, platform: XP, platformName: XP, seleniumProtocol: WebDriver, server:CONFIG_UUID: 7baad8b6-c5fb-4255-871a-603...}&lt;/p&gt;&lt;p&gt;capabilities: Capabilities {browserName: chrome, maxInstances: 5, platform: XP, platformName: XP, seleniumProtocol: WebDriver, server:CONFIG_UUID: 231ce08d-af36-4bca-b8ac-297...}&lt;/p&gt;&lt;p&gt;capabilities: Capabilities {browserName: internet explorer, maxInstances: 1, platform: WINDOWS, platformName: WINDOWS, seleniumProtocol: WebDriver, server:CONFIG_UUID: 390e11e1-4236-414a-8ee8-1b3...}&lt;/p&gt;&lt;p&gt;downPollingLimit: 2&lt;/p&gt;&lt;p&gt;hub: http://192.168.68.125:4444&lt;/p&gt;&lt;p&gt;id: http://192.168.68.116:34071&lt;/p&gt;&lt;p&gt;nodePolling: 5000&lt;/p&gt;&lt;p&gt;nodeStatusCheckTimeout: 5000&lt;/p&gt;&lt;p&gt;proxy: org.openqa.grid.selenium.proxy.DefaultRemoteProxy&lt;/p&gt;&lt;p&gt;register: true&lt;/p&gt;&lt;p&gt;registerCycle: 5000&lt;/p&gt;&lt;p&gt;remoteHost: http://192.168.68.116:34071&lt;/p&gt;&lt;p&gt;unregisterIfStillDownAfter: 60000&lt;/p&gt;&lt;/div&gt;&lt;/div&gt;&lt;/div&gt;&lt;/div&gt;&lt;div id=&#039;right-column&#039;&gt;&lt;div class=&#039;proxy&#039;&gt;&lt;p class=&#039;proxyname&#039;&gt;DefaultRemoteProxy (version : 3.141.59)&lt;p class=&#039;proxyid&#039;&gt;id : http://192.168.68.116:48564, OS : mixed OS&lt;/p&gt;&lt;div class=&#039;tabs&#039;&gt;&lt;ul&gt;&lt;li class=&#039;tab&#039; type=&#039;browsers&#039;&gt;&lt;a title=&#039;test slots&#039; href=&#039;#&#039;&gt;Browsers&lt;/a&gt;&lt;/li&gt;&lt;li class=&#039;tab&#039; type=&#039;config&#039;&gt;&lt;a title=&#039;node configuration&#039; href=&#039;#&#039;&gt;Configuration&lt;/a&gt;&lt;/li&gt;&lt;/ul&gt;&lt;/div&gt;&lt;div class=&#039;content&#039;&gt;&lt;div type=&#039;browsers&#039; class=&#039;content_detail&#039;&gt;&lt;p class=&#039;protocol&#039; &gt;WebDriver&lt;/p&gt;&lt;p&gt;v:&lt;img src=&#039;/grid/resources/org/openqa/grid/images/internet_explorer.png&#039; width=&#039;16&#039; height=&#039;16&#039; title=&#039;{server:CONFIG_UUID=f0a76d5a-3662-4b92-9869-1f0fb786a963, seleniumProtocol=WebDriver, browserName=internet explorer, maxInstances=1, platformName=WINDOWS, platform=WINDOWS}&#039; /&gt;
&lt;/p&gt;&lt;p&gt;v:&lt;img src=&#039;/grid/resources/org/openqa/grid/images/firefox.png&#039; width=&#039;16&#039; height=&#039;16&#039; title=&#039;{server:CONFIG_UUID=aaaab456-5a74-4633-933b-df3f277bf441, seleniumProtocol=WebDriver, marionette=true, browserName=firefox, maxInstances=5, platformName=XP, platform=XP}&#039; /&gt;
&lt;img src=&#039;/grid/resources/org/openqa/grid/images/firefox.png&#039; width=&#039;16&#039; height=&#039;16&#039; title=&#039;{server:CONFIG_UUID=aaaab456-5a74-4633-933b-df3f277bf441, seleniumProtocol=WebDriver, marionette=true, browserName=firefox, maxInstances=5, platformName=XP, platform=XP}&#039; /&gt;
&lt;img src=&#039;/grid/resources/org/openqa/grid/images/firefox.png&#039; width=&#039;16&#039; height=&#039;16&#039; title=&#039;{server:CONFIG_UUID=aaaab456-5a74-4633-933b-df3f277bf441, seleniumProtocol=WebDriver, marionette=true, browserName=firefox, maxInstances=5, platformName=XP, platform=XP}&#039; /&gt;
&lt;img src=&#039;/grid/resources/org/openqa/grid/images/firefox.png&#039; width=&#039;16&#039; height=&#039;16&#039; title=&#039;{server:CONFIG_UUID=aaaab456-5a74-4633-933b-df3f277bf441, seleniumProtocol=WebDriver, marionette=true, browserName=firefox, maxInstances=5, platformName=XP, platform=XP}&#039; /&gt;
&lt;img src=&#039;/grid/resources/org/openqa/grid/images/firefox.png&#039; width=&#039;16&#039; height=&#039;16&#039; title=&#039;{server:CONFIG_UUID=aaaab456-5a74-4633-933b-df3f277bf441, seleniumProtocol=WebDriver, marionette=true, browserName=firefox, maxInstances=5, platformName=XP, platform=XP}&#039; /&gt;
&lt;/p&gt;&lt;p&gt;v:&lt;img src=&#039;/grid/resources/org/openqa/grid/images/chrome.png&#039; width=&#039;16&#039; height=&#039;16&#039; title=&#039;{server:CONFIG_UUID=a5ad1d03-cb9b-4990-bb8a-34383950cd1e, seleniumProtocol=WebDriver, browserName=chrome, maxInstances=5, platformName=XP, platform=XP}&#039; /&gt;
&lt;img src=&#039;/grid/resources/org/openqa/grid/images/chrome.png&#039; width=&#039;16&#039; height=&#039;16&#039; title=&#039;{server:CONFIG_UUID=a5ad1d03-cb9b-4990-bb8a-34383950cd1e, seleniumProtocol=WebDriver, browserName=chrome, maxInstances=5, platformName=XP, platform=XP}&#039; /&gt;
&lt;img src=&#039;/grid/resources/org/openqa/grid/images/chrome.png&#039; width=&#039;16&#039; height=&#039;16&#039; title=&#039;{server:CONFIG_UUID=a5ad1d03-cb9b-4990-bb8a-34383950cd1e, seleniumProtocol=WebDriver, browserName=chrome, maxInstances=5, platformName=XP, platform=XP}&#039; /&gt;
&lt;img src=&#039;/grid/resources/org/openqa/grid/images/chrome.png&#039; width=&#039;16&#039; height=&#039;16&#039; title=&#039;{server:CONFIG_UUID=a5ad1d03-cb9b-4990-bb8a-34383950cd1e, seleniumProtocol=WebDriver, browserName=chrome, maxInstances=5, platformName=XP, platform=XP}&#039; /&gt;
&lt;img src=&#039;/grid/resources/org/openqa/grid/images/chrome.png&#039; width=&#039;16&#039; height=&#039;16&#039; title=&#039;{server:CONFIG_UUID=a5ad1d03-cb9b-4990-bb8a-34383950cd1e, seleniumProtocol=WebDriver, browserName=chrome, maxInstances=5, platformName=XP, platform=XP}&#039; /&gt;
&lt;/p&gt;&lt;/div&gt;&lt;div type=&#039;config&#039; class=&#039;content_detail&#039;&gt;&lt;p&gt;browserTimeout: 0&lt;/p&gt;&lt;p&gt;debug: false&lt;/p&gt;&lt;p&gt;host: 192.168.68.116&lt;/p&gt;&lt;p&gt;port: 48564&lt;/p&gt;&lt;p&gt;role: node&lt;/p&gt;&lt;p&gt;timeout: 1800&lt;/p&gt;&lt;p&gt;cleanUpCycle: 5000&lt;/p&gt;&lt;p&gt;maxSession: 5&lt;/p&gt;&lt;p&gt;capabilities: Capabilities {browserName: firefox, marionette: true, maxInstances: 5, platform: XP, platformName: XP, seleniumProtocol: WebDriver, server:CONFIG_UUID: aaaab456-5a74-4633-933b-df3...}&lt;/p&gt;&lt;p&gt;capabilities: Capabilities {browserName: chrome, maxInstances: 5, platform: XP, platformName: XP, seleniumProtocol: WebDriver, server:CONFIG_UUID: a5ad1d03-cb9b-4990-bb8a-343...}&lt;/p&gt;&lt;p&gt;capabilities: Capabilities {browserName: internet explorer, maxInstances: 1, platform: WINDOWS, platformName: WINDOWS, seleniumProtocol: WebDriver, server:CONFIG_UUID: f0a76d5a-3662-4b92-9869-1f0...}&lt;/p&gt;&lt;p&gt;downPollingLimit: 2&lt;/p&gt;&lt;p&gt;hub: http://192.168.68.125:4444&lt;/p&gt;&lt;p&gt;id: http://192.168.68.116:48564&lt;/p&gt;&lt;p&gt;nodePolling: 5000&lt;/p&gt;&lt;p&gt;nodeStatusCheckTimeout: 5000&lt;/p&gt;&lt;p&gt;proxy: org.openqa.grid.selenium.proxy.DefaultRemoteProxy&lt;/p&gt;&lt;p&gt;register: true&lt;/p&gt;&lt;p&gt;registerCycle: 5000&lt;/p&gt;&lt;p&gt;remoteHost: http://192.168.68.116:48564&lt;/p&gt;&lt;p&gt;unregisterIfStillDownAfter: 60000&lt;/p&gt;&lt;/div&gt;&lt;/div&gt;&lt;/div&gt;&lt;/div&gt;&lt;div class=&#039;clearfix&#039;&gt;&lt;/div&gt;&lt;div&gt;&lt;ul&gt;&lt;/ul&gt;&lt;/div&gt;&lt;div id=&#039;hub-config-container&#039;&gt;&lt;div id=&#039;hub-config-content&#039;&gt;&lt;b&gt;Config for the hub :&lt;/b&gt;&lt;br/&gt;&lt;abbr title=&#039;browserTimeout&#039;&gt;browserTimeout : &lt;/abbr&gt;0&lt;/br&gt;&lt;abbr title=&#039;debug&#039;&gt;debug : &lt;/abbr&gt;false&lt;/br&gt;&lt;abbr title=&#039;host&#039;&gt;host : &lt;/abbr&gt;192.168.68.125&lt;/br&gt;&lt;abbr title=&#039;port&#039;&gt;port : &lt;/abbr&gt;4444&lt;/br&gt;&lt;abbr title=&#039;role&#039;&gt;role : &lt;/abbr&gt;hub&lt;/br&gt;&lt;abbr title=&#039;timeout&#039;&gt;timeout : &lt;/abbr&gt;1800&lt;/br&gt;&lt;abbr title=&#039;cleanUpCycle&#039;&gt;cleanUpCycle : &lt;/abbr&gt;5000&lt;/br&gt;&lt;abbr title=&#039;capabilityMatcher&#039;&gt;capabilityMatcher : &lt;/abbr&gt;org.openqa.grid.internal.utils.DefaultCapabilityMatcher&lt;/br&gt;&lt;abbr title=&#039;newSessionWaitTimeout&#039;&gt;newSessionWaitTimeout : &lt;/abbr&gt;-1&lt;/br&gt;&lt;abbr title=&#039;throwOnCapabilityNotPresent&#039;&gt;throwOnCapabilityNotPresent : &lt;/abbr&gt;true&lt;/br&gt;&lt;abbr title=&#039;registry&#039;&gt;registry : &lt;/abbr&gt;org.openqa.grid.internal.DefaultGridRegistry&lt;/br&gt;&lt;div id=&#039;verbose-config-container&#039;&gt;&lt;a id=&#039;verbose-config-view-toggle&#039; href=&#039;#&#039;&gt;View Verbose&lt;/a&gt;&lt;div id=&#039;verbose-config-content&#039;&gt;&lt;br/&gt;&lt;b&gt;The final configuration comes from:&lt;/b&gt;&lt;br/&gt;&lt;b&gt;the default :&lt;/b&gt;&lt;br/&gt;&lt;abbr title=&#039;browserTimeout&#039;&gt;browserTimeout : &lt;/abbr&gt;0&lt;/br&gt;&lt;abbr title=&#039;debug&#039;&gt;debug : &lt;/abbr&gt;false&lt;/br&gt;&lt;abbr title=&#039;host&#039;&gt;host : &lt;/abbr&gt;0.0.0.0&lt;/br&gt;&lt;abbr title=&#039;port&#039;&gt;port : &lt;/abbr&gt;4444&lt;/br&gt;&lt;abbr title=&#039;role&#039;&gt;role : &lt;/abbr&gt;hub&lt;/br&gt;&lt;abbr title=&#039;timeout&#039;&gt;timeout : &lt;/abbr&gt;1800&lt;/br&gt;&lt;abbr title=&#039;cleanUpCycle&#039;&gt;cleanUpCycle : &lt;/abbr&gt;5000&lt;/br&gt;&lt;abbr title=&#039;capabilityMatcher&#039;&gt;capabilityMatcher : &lt;/abbr&gt;org.openqa.grid.internal.utils.DefaultCapabilityMatcher&lt;/br&gt;&lt;abbr title=&#039;newSessionWaitTimeout&#039;&gt;newSessionWaitTimeout : &lt;/abbr&gt;-1&lt;/br&gt;&lt;abbr title=&#039;throwOnCapabilityNotPresent&#039;&gt;throwOnCapabilityNotPresent : &lt;/abbr&gt;true&lt;/br&gt;&lt;abbr title=&#039;registry&#039;&gt;registry : &lt;/abbr&gt;org.openqa.grid.internal.DefaultGridRegistry&lt;/br&gt;&lt;b&gt;updated with command line options:&lt;/b&gt;&lt;br/&gt;-role hub&lt;/div&gt;&lt;/div&gt;&lt;/div&gt;&lt;a id=&#039;config-view-toggle&#039; href=&#039;#&#039;&gt;View Config&lt;/a&gt;&lt;/div&gt;&lt;/div&gt;&lt;/body&gt;&lt;/html&gt; 
Host info: host: &#039;DESKTOP-CTNIRRU&#039;, ip: &#039;192.168.68.125&#039;" type="org.openqa.selenium.SessionNotCreatedException">
      <![CDATA[org.openqa.selenium.SessionNotCreatedException: Could not start a new session. Unable to parse remote response: <html><head><script src='/grid/resources/org/openqa/grid/images/jquery-3.1.1.min.js'></script><script src='/grid/resources/org/openqa/grid/images/consoleservlet.js'></script><link href='/grid/resources/org/openqa/grid/images/consoleservlet.css' rel='stylesheet' type='text/css' /><link href='/grid/resources/org/openqa/grid/images/favicon.ico' rel='icon' type='image/x-icon' /><title>Grid Console</title><style>.busy { opacity : 0.4;filter: alpha(opacity=40);}</style></head><body><div id='main-content'><div id='header'><h1><a href='/grid/console'>Selenium</a></h1><h2>Grid Console v.3.141.59</h2><div><a id='helplink' target='_blank' href='https://github.com/SeleniumHQ/selenium/wiki/Grid2'>Help</a></div></div><div id='left-column'><div class='proxy'><p class='proxyname'>DefaultRemoteProxy unknown version,Failed to connect to /192.168.68.116:34071<p class='proxyid'>id : http://192.168.68.116:34071, OS : mixed OS</p><div class='tabs'><ul><li class='tab' type='browsers'><a title='test slots' href='#'>Browsers</a></li><li class='tab' type='config'><a title='node configuration' href='#'>Configuration</a></li></ul></div><div class='content'><div type='browsers' class='content_detail'><p class='protocol' >WebDriver</p><p>v:<img src='/grid/resources/org/openqa/grid/images/internet_explorer.png' width='16' height='16' title='{server:CONFIG_UUID=390e11e1-4236-414a-8ee8-1b3c4525aa2c, seleniumProtocol=WebDriver, browserName=internet explorer, maxInstances=1, platformName=WINDOWS, platform=WINDOWS}' />
</p><p>v:<img src='/grid/resources/org/openqa/grid/images/firefox.png' width='16' height='16' title='{server:CONFIG_UUID=7baad8b6-c5fb-4255-871a-6032579a0a0f, seleniumProtocol=WebDriver, marionette=true, browserName=firefox, maxInstances=5, platformName=XP, platform=XP}' />
<img src='/grid/resources/org/openqa/grid/images/firefox.png' width='16' height='16' title='{server:CONFIG_UUID=7baad8b6-c5fb-4255-871a-6032579a0a0f, seleniumProtocol=WebDriver, marionette=true, browserName=firefox, maxInstances=5, platformName=XP, platform=XP}' />
<img src='/grid/resources/org/openqa/grid/images/firefox.png' width='16' height='16' title='{server:CONFIG_UUID=7baad8b6-c5fb-4255-871a-6032579a0a0f, seleniumProtocol=WebDriver, marionette=true, browserName=firefox, maxInstances=5, platformName=XP, platform=XP}' />
<img src='/grid/resources/org/openqa/grid/images/firefox.png' width='16' height='16' title='{server:CONFIG_UUID=7baad8b6-c5fb-4255-871a-6032579a0a0f, seleniumProtocol=WebDriver, marionette=true, browserName=firefox, maxInstances=5, platformName=XP, platform=XP}' />
<img src='/grid/resources/org/openqa/grid/images/firefox.png' width='16' height='16' title='{server:CONFIG_UUID=7baad8b6-c5fb-4255-871a-6032579a0a0f, seleniumProtocol=WebDriver, marionette=true, browserName=firefox, maxInstances=5, platformName=XP, platform=XP}' />
</p><p>v:<img src='/grid/resources/org/openqa/grid/images/chrome.png' width='16' height='16' title='{server:CONFIG_UUID=231ce08d-af36-4bca-b8ac-29746563f3c0, seleniumProtocol=WebDriver, browserName=chrome, maxInstances=5, platformName=XP, platform=XP}' />
<img src='/grid/resources/org/openqa/grid/images/chrome.png' width='16' height='16' title='{server:CONFIG_UUID=231ce08d-af36-4bca-b8ac-29746563f3c0, seleniumProtocol=WebDriver, browserName=chrome, maxInstances=5, platformName=XP, platform=XP}' />
<img src='/grid/resources/org/openqa/grid/images/chrome.png' width='16' height='16' title='{server:CONFIG_UUID=231ce08d-af36-4bca-b8ac-29746563f3c0, seleniumProtocol=WebDriver, browserName=chrome, maxInstances=5, platformName=XP, platform=XP}' />
<img src='/grid/resources/org/openqa/grid/images/chrome.png' width='16' height='16' title='{server:CONFIG_UUID=231ce08d-af36-4bca-b8ac-29746563f3c0, seleniumProtocol=WebDriver, browserName=chrome, maxInstances=5, platformName=XP, platform=XP}' />
<img src='/grid/resources/org/openqa/grid/images/chrome.png' width='16' height='16' title='{server:CONFIG_UUID=231ce08d-af36-4bca-b8ac-29746563f3c0, seleniumProtocol=WebDriver, browserName=chrome, maxInstances=5, platformName=XP, platform=XP}' />
</p></div><div type='config' class='content_detail'><p>browserTimeout: 0</p><p>debug: false</p><p>host: 192.168.68.116</p><p>port: 34071</p><p>role: node</p><p>timeout: 1800</p><p>cleanUpCycle: 5000</p><p>maxSession: 5</p><p>capabilities: Capabilities {browserName: firefox, marionette: true, maxInstances: 5, platform: XP, platformName: XP, seleniumProtocol: WebDriver, server:CONFIG_UUID: 7baad8b6-c5fb-4255-871a-603...}</p><p>capabilities: Capabilities {browserName: chrome, maxInstances: 5, platform: XP, platformName: XP, seleniumProtocol: WebDriver, server:CONFIG_UUID: 231ce08d-af36-4bca-b8ac-297...}</p><p>capabilities: Capabilities {browserName: internet explorer, maxInstances: 1, platform: WINDOWS, platformName: WINDOWS, seleniumProtocol: WebDriver, server:CONFIG_UUID: 390e11e1-4236-414a-8ee8-1b3...}</p><p>downPollingLimit: 2</p><p>hub: http://192.168.68.125:4444</p><p>id: http://192.168.68.116:34071</p><p>nodePolling: 5000</p><p>nodeStatusCheckTimeout: 5000</p><p>proxy: org.openqa.grid.selenium.proxy.DefaultRemoteProxy</p><p>register: true</p><p>registerCycle: 5000</p><p>remoteHost: http://192.168.68.116:34071</p><p>unregisterIfStillDownAfter: 60000</p></div></div></div></div><div id='right-column'><div class='proxy'><p class='proxyname'>DefaultRemoteProxy (version : 3.141.59)<p class='proxyid'>id : http://192.168.68.116:48564, OS : mixed OS</p><div class='tabs'><ul><li class='tab' type='browsers'><a title='test slots' href='#'>Browsers</a></li><li class='tab' type='config'><a title='node configuration' href='#'>Configuration</a></li></ul></div><div class='content'><div type='browsers' class='content_detail'><p class='protocol' >WebDriver</p><p>v:<img src='/grid/resources/org/openqa/grid/images/internet_explorer.png' width='16' height='16' title='{server:CONFIG_UUID=f0a76d5a-3662-4b92-9869-1f0fb786a963, seleniumProtocol=WebDriver, browserName=internet explorer, maxInstances=1, platformName=WINDOWS, platform=WINDOWS}' />
</p><p>v:<img src='/grid/resources/org/openqa/grid/images/firefox.png' width='16' height='16' title='{server:CONFIG_UUID=aaaab456-5a74-4633-933b-df3f277bf441, seleniumProtocol=WebDriver, marionette=true, browserName=firefox, maxInstances=5, platformName=XP, platform=XP}' />
<img src='/grid/resources/org/openqa/grid/images/firefox.png' width='16' height='16' title='{server:CONFIG_UUID=aaaab456-5a74-4633-933b-df3f277bf441, seleniumProtocol=WebDriver, marionette=true, browserName=firefox, maxInstances=5, platformName=XP, platform=XP}' />
<img src='/grid/resources/org/openqa/grid/images/firefox.png' width='16' height='16' title='{server:CONFIG_UUID=aaaab456-5a74-4633-933b-df3f277bf441, seleniumProtocol=WebDriver, marionette=true, browserName=firefox, maxInstances=5, platformName=XP, platform=XP}' />
<img src='/grid/resources/org/openqa/grid/images/firefox.png' width='16' height='16' title='{server:CONFIG_UUID=aaaab456-5a74-4633-933b-df3f277bf441, seleniumProtocol=WebDriver, marionette=true, browserName=firefox, maxInstances=5, platformName=XP, platform=XP}' />
<img src='/grid/resources/org/openqa/grid/images/firefox.png' width='16' height='16' title='{server:CONFIG_UUID=aaaab456-5a74-4633-933b-df3f277bf441, seleniumProtocol=WebDriver, marionette=true, browserName=firefox, maxInstances=5, platformName=XP, platform=XP}' />
</p><p>v:<img src='/grid/resources/org/openqa/grid/images/chrome.png' width='16' height='16' title='{server:CONFIG_UUID=a5ad1d03-cb9b-4990-bb8a-34383950cd1e, seleniumProtocol=WebDriver, browserName=chrome, maxInstances=5, platformName=XP, platform=XP}' />
<img src='/grid/resources/org/openqa/grid/images/chrome.png' width='16' height='16' title='{server:CONFIG_UUID=a5ad1d03-cb9b-4990-bb8a-34383950cd1e, seleniumProtocol=WebDriver, browserName=chrome, maxInstances=5, platformName=XP, platform=XP}' />
<img src='/grid/resources/org/openqa/grid/images/chrome.png' width='16' height='16' title='{server:CONFIG_UUID=a5ad1d03-cb9b-4990-bb8a-34383950cd1e, seleniumProtocol=WebDriver, browserName=chrome, maxInstances=5, platformName=XP, platform=XP}' />
<img src='/grid/resources/org/openqa/grid/images/chrome.png' width='16' height='16' title='{server:CONFIG_UUID=a5ad1d03-cb9b-4990-bb8a-34383950cd1e, seleniumProtocol=WebDriver, browserName=chrome, maxInstances=5, platformName=XP, platform=XP}' />
<img src='/grid/resources/org/openqa/grid/images/chrome.png' width='16' height='16' title='{server:CONFIG_UUID=a5ad1d03-cb9b-4990-bb8a-34383950cd1e, seleniumProtocol=WebDriver, browserName=chrome, maxInstances=5, platformName=XP, platform=XP}' />
</p></div><div type='config' class='content_detail'><p>browserTimeout: 0</p><p>debug: false</p><p>host: 192.168.68.116</p><p>port: 48564</p><p>role: node</p><p>timeout: 1800</p><p>cleanUpCycle: 5000</p><p>maxSession: 5</p><p>capabilities: Capabilities {browserName: firefox, marionette: true, maxInstances: 5, platform: XP, platformName: XP, seleniumProtocol: WebDriver, server:CONFIG_UUID: aaaab456-5a74-4633-933b-df3...}</p><p>capabilities: Capabilities {browserName: chrome, maxInstances: 5, platform: XP, platformName: XP, seleniumProtocol: WebDriver, server:CONFIG_UUID: a5ad1d03-cb9b-4990-bb8a-343...}</p><p>capabilities: Capabilities {browserName: internet explorer, maxInstances: 1, platform: WINDOWS, platformName: WINDOWS, seleniumProtocol: WebDriver, server:CONFIG_UUID: f0a76d5a-3662-4b92-9869-1f0...}</p><p>downPollingLimit: 2</p><p>hub: http://192.168.68.125:4444</p><p>id: http://192.168.68.116:48564</p><p>nodePolling: 5000</p><p>nodeStatusCheckTimeout: 5000</p><p>proxy: org.openqa.grid.selenium.proxy.DefaultRemoteProxy</p><p>register: true</p><p>registerCycle: 5000</p><p>remoteHost: http://192.168.68.116:48564</p><p>unregisterIfStillDownAfter: 60000</p></div></div></div></div><div class='clearfix'></div><div><ul></ul></div><div id='hub-config-container'><div id='hub-config-content'><b>Config for the hub :</b><br/><abbr title='browserTimeout'>browserTimeout : </abbr>0</br><abbr title='debug'>debug : </abbr>false</br><abbr title='host'>host : </abbr>192.168.68.125</br><abbr title='port'>port : </abbr>4444</br><abbr title='role'>role : </abbr>hub</br><abbr title='timeout'>timeout : </abbr>1800</br><abbr title='cleanUpCycle'>cleanUpCycle : </abbr>5000</br><abbr title='capabilityMatcher'>capabilityMatcher : </abbr>org.openqa.grid.internal.utils.DefaultCapabilityMatcher</br><abbr title='newSessionWaitTimeout'>newSessionWaitTimeout : </abbr>-1</br><abbr title='throwOnCapabilityNotPresent'>throwOnCapabilityNotPresent : </abbr>true</br><abbr title='registry'>registry : </abbr>org.openqa.grid.internal.DefaultGridRegistry</br><div id='verbose-config-container'><a id='verbose-config-view-toggle' href='#'>View Verbose</a><div id='verbose-config-content'><br/><b>The final configuration comes from:</b><br/><b>the default :</b><br/><abbr title='browserTimeout'>browserTimeout : </abbr>0</br><abbr title='debug'>debug : </abbr>false</br><abbr title='host'>host : </abbr>0.0.0.0</br><abbr title='port'>port : </abbr>4444</br><abbr title='role'>role : </abbr>hub</br><abbr title='timeout'>timeout : </abbr>1800</br><abbr title='cleanUpCycle'>cleanUpCycle : </abbr>5000</br><abbr title='capabilityMatcher'>capabilityMatcher : </abbr>org.openqa.grid.internal.utils.DefaultCapabilityMatcher</br><abbr title='newSessionWaitTimeout'>newSessionWaitTimeout : </abbr>-1</br><abbr title='throwOnCapabilityNotPresent'>throwOnCapabilityNotPresent : </abbr>true</br><abbr title='registry'>registry : </abbr>org.openqa.grid.internal.DefaultGridRegistry</br><b>updated with command line options:</b><br/>-role hub</div></div></div><a id='config-view-toggle' href='#'>View Config</a></div></div></body></html> 
Host info: host: 'DESKTOP-CTNIRRU', ip: '192.168.68.125'
at org.openqa.selenium.remote.ProtocolHandshake.createSession(ProtocolHandshake.java:126)
at org.openqa.selenium.remote.ProtocolHandshake.createSession(ProtocolHandshake.java:96)
at org.openqa.selenium.remote.ProtocolHandshake.createSession(ProtocolHandshake.java:68)
at org.openqa.selenium.remote.HttpCommandExecutor.execute(HttpCommandExecutor.java:163)
at org.openqa.selenium.remote.TracedCommandExecutor.execute(TracedCommandExecutor.java:51)
at org.openqa.selenium.remote.RemoteWebDriver.execute(RemoteWebDriver.java:602)
at org.openqa.selenium.remote.RemoteWebDriver.startSession(RemoteWebDriver.java:236)
at org.openqa.selenium.remote.RemoteWebDriver.<init>(RemoteWebDriver.java:163)
at org.openqa.selenium.remote.RemoteWebDriver.<init>(RemoteWebDriver.java:143)
at gridLearn.GridTrail.testGrid(GridTrail.java:33)
at java.base/jdk.internal.reflect.DirectMethodHandleAccessor.invoke(DirectMethodHandleAccessor.java:104)
at java.base/java.lang.reflect.Method.invoke(Method.java:577)
at org.testng.internal.MethodInvocationHelper.invokeMethod(MethodInvocationHelper.java:133)
at org.testng.internal.TestInvoker.invokeMethod(TestInvoker.java:598)
at org.testng.internal.TestInvoker.invokeTestMethod(TestInvoker.java:173)
at org.testng.internal.MethodRunner.runInSequence(MethodRunner.java:46)
at org.testng.internal.TestInvoker$MethodInvocationAgent.invoke(TestInvoker.java:824)
at org.testng.internal.TestInvoker.invokeTestMethods(TestInvoker.java:146)
at org.testng.internal.TestMethodWorker.invokeTestMethods(TestMethodWorker.java:146)
at org.testng.internal.TestMethodWorker.run(TestMethodWorker.java:128)
at java.base/java.util.ArrayList.forEach(ArrayList.java:1511)
at org.testng.TestRunner.privateRun(TestRunner.java:794)
at org.testng.TestRunner.run(TestRunner.java:596)
at org.testng.SuiteRunner.runTest(SuiteRunner.java:377)
at org.testng.SuiteRunner.runSequentially(SuiteRunner.java:371)
at org.testng.SuiteRunner.privateRun(SuiteRunner.java:332)
at org.testng.SuiteRunner.run(SuiteRunner.java:276)
at org.testng.SuiteRunnerWorker.runSuite(SuiteRunnerWorker.java:53)
at org.testng.SuiteRunnerWorker.run(SuiteRunnerWorker.java:96)
at org.testng.TestNG.runSuitesSequentially(TestNG.java:1212)
at org.testng.TestNG.runSuitesLocally(TestNG.java:1134)
at org.testng.TestNG.runSuites(TestNG.java:1063)
at org.testng.TestNG.run(TestNG.java:1031)
at org.testng.remote.AbstractRemoteTestNG.run(AbstractRemoteTestNG.java:115)
at org.testng.remote.RemoteTestNG.initAndRun(RemoteTestNG.java:251)
at org.testng.remote.RemoteTestNG.main(RemoteTestNG.java:77)
Caused by: org.openqa.selenium.json.JsonException: Unable to parse: <html><head><script src='/grid/resources/org/openqa/grid/images/jquery-3.1.1.min.js'></script><script src='/grid/resources/org/openqa/grid/images/consoleservlet.js'></script><link href='/grid/resources/org/openqa/grid/images/consoleservlet.css' rel='stylesheet' type='text/css' /><link href='/grid/resources/org/openqa/grid/images/favicon.ico' rel='icon' type='image/x-icon' /><title>Grid Console</title><style>.busy { opacity : 0.4;filter: alpha(opacity=40);}</style></head><body><div id='main-content'><div id='header'><h1><a href='/grid/console'>Selenium</a></h1><h2>Grid Console v.3.141.59</h2><div><a id='helplink' target='_blank' href='https://github.com/SeleniumHQ/selenium/wiki/Grid2'>Help</a></div></div><div id='left-column'><div class='proxy'><p class='proxyname'>DefaultRemoteProxy unknown version,Failed to connect to /192.168.68.116:34071<p class='proxyid'>id : http://192.168.68.116:34071, OS : mixed OS</p><div class='tabs'><ul><li class='tab' type='browsers'><a title='test slots' href='#'>Browsers</a></li><li class='tab' type='config'><a title='node configuration' href='#'>Configuration</a></li></ul></div><div class='content'><div type='browsers' class='content_detail'><p class='protocol' >WebDriver</p><p>v:<img src='/grid/resources/org/openqa/grid/images/internet_explorer.png' width='16' height='16' title='{server:CONFIG_UUID=390e11e1-4236-414a-8ee8-1b3c4525aa2c, seleniumProtocol=WebDriver, browserName=internet explorer, maxInstances=1, platformName=WINDOWS, platform=WINDOWS}' />
</p><p>v:<img src='/grid/resources/org/openqa/grid/images/firefox.png' width='16' height='16' title='{server:CONFIG_UUID=7baad8b6-c5fb-4255-871a-6032579a0a0f, seleniumProtocol=WebDriver, marionette=true, browserName=firefox, maxInstances=5, platformName=XP, platform=XP}' />
<img src='/grid/resources/org/openqa/grid/images/firefox.png' width='16' height='16' title='{server:CONFIG_UUID=7baad8b6-c5fb-4255-871a-6032579a0a0f, seleniumProtocol=WebDriver, marionette=true, browserName=firefox, maxInstances=5, platformName=XP, platform=XP}' />
<img src='/grid/resources/org/openqa/grid/images/firefox.png' width='16' height='16' title='{server:CONFIG_UUID=7baad8b6-c5fb-4255-871a-6032579a0a0f, seleniumProtocol=WebDriver, marionette=true, browserName=firefox, maxInstances=5, platformName=XP, platform=XP}' />
<img src='/grid/resources/org/openqa/grid/images/firefox.png' width='16' height='16' title='{server:CONFIG_UUID=7baad8b6-c5fb-4255-871a-6032579a0a0f, seleniumProtocol=WebDriver, marionette=true, browserName=firefox, maxInstances=5, platformName=XP, platform=XP}' />
<img src='/grid/resources/org/openqa/grid/images/firefox.png' width='16' height='16' title='{server:CONFIG_UUID=7baad8b6-c5fb-4255-871a-6032579a0a0f, seleniumProtocol=WebDriver, marionette=true, browserName=firefox, maxInstances=5, platformName=XP, platform=XP}' />
</p><p>v:<img src='/grid/resources/org/openqa/grid/images/chrome.png' width='16' height='16' title='{server:CONFIG_UUID=231ce08d-af36-4bca-b8ac-29746563f3c0, seleniumProtocol=WebDriver, browserName=chrome, maxInstances=5, platformName=XP, platform=XP}' />
<img src='/grid/resources/org/openqa/grid/images/chrome.png' width='16' height='16' title='{server:CONFIG_UUID=231ce08d-af36-4bca-b8ac-29746563f3c0, seleniumProtocol=WebDriver, browserName=chrome, maxInstances=5, platformName=XP, platform=XP}' />
<img src='/grid/resources/org/openqa/grid/images/chrome.png' width='16' height='16' title='{server:CONFIG_UUID=231ce08d-af36-4bca-b8ac-29746563f3c0, seleniumProtocol=WebDriver, browserName=chrome, maxInstances=5, platformName=XP, platform=XP}' />
<img src='/grid/resources/org/openqa/grid/images/chrome.png' width='16' height='16' title='{server:CONFIG_UUID=231ce08d-af36-4bca-b8ac-29746563f3c0, seleniumProtocol=WebDriver, browserName=chrome, maxInstances=5, platformName=XP, platform=XP}' />
<img src='/grid/resources/org/openqa/grid/images/chrome.png' width='16' height='16' title='{server:CONFIG_UUID=231ce08d-af36-4bca-b8ac-29746563f3c0, seleniumProtocol=WebDriver, browserName=chrome, maxInstances=5, platformName=XP, platform=XP}' />
</p></div><div type='config' class='content_detail'><p>browserTimeout: 0</p><p>debug: false</p><p>host: 192.168.68.116</p><p>port: 34071</p><p>role: node</p><p>timeout: 1800</p><p>cleanUpCycle: 5000</p><p>maxSession: 5</p><p>capabilities: Capabilities {browserName: firefox, marionette: true, maxInstances: 5, platform: XP, platformName: XP, seleniumProtocol: WebDriver, server:CONFIG_UUID: 7baad8b6-c5fb-4255-871a-603...}</p><p>capabilities: Capabilities {browserName: chrome, maxInstances: 5, platform: XP, platformName: XP, seleniumProtocol: WebDriver, server:CONFIG_UUID: 231ce08d-af36-4bca-b8ac-297...}</p><p>capabilities: Capabilities {browserName: internet explorer, maxInstances: 1, platform: WINDOWS, platformName: WINDOWS, seleniumProtocol: WebDriver, server:CONFIG_UUID: 390e11e1-4236-414a-8ee8-1b3...}</p><p>downPollingLimit: 2</p><p>hub: http://192.168.68.125:4444</p><p>id: http://192.168.68.116:34071</p><p>nodePolling: 5000</p><p>nodeStatusCheckTimeout: 5000</p><p>proxy: org.openqa.grid.selenium.proxy.DefaultRemoteProxy</p><p>register: true</p><p>registerCycle: 5000</p><p>remoteHost: http://192.168.68.116:34071</p><p>unregisterIfStillDownAfter: 60000</p></div></div></div></div><div id='right-column'><div class='proxy'><p class='proxyname'>DefaultRemoteProxy (version : 3.141.59)<p class='proxyid'>id : http://192.168.68.116:48564, OS : mixed OS</p><div class='tabs'><ul><li class='tab' type='browsers'><a title='test slots' href='#'>Browsers</a></li><li class='tab' type='config'><a title='node configuration' href='#'>Configuration</a></li></ul></div><div class='content'><div type='browsers' class='content_detail'><p class='protocol' >WebDriver</p><p>v:<img src='/grid/resources/org/openqa/grid/images/internet_explorer.png' width='16' height='16' title='{server:CONFIG_UUID=f0a76d5a-3662-4b92-9869-1f0fb786a963, seleniumProtocol=WebDriver, browserName=internet explorer, maxInstances=1, platformName=WINDOWS, platform=WINDOWS}' />
</p><p>v:<img src='/grid/resources/org/openqa/grid/images/firefox.png' width='16' height='16' title='{server:CONFIG_UUID=aaaab456-5a74-4633-933b-df3f277bf441, seleniumProtocol=WebDriver, marionette=true, browserName=firefox, maxInstances=5, platformName=XP, platform=XP}' />
<img src='/grid/resources/org/openqa/grid/images/firefox.png' width='16' height='16' title='{server:CONFIG_UUID=aaaab456-5a74-4633-933b-df3f277bf441, seleniumProtocol=WebDriver, marionette=true, browserName=firefox, maxInstances=5, platformName=XP, platform=XP}' />
<img src='/grid/resources/org/openqa/grid/images/firefox.png' width='16' height='16' title='{server:CONFIG_UUID=aaaab456-5a74-4633-933b-df3f277bf441, seleniumProtocol=WebDriver, marionette=true, browserName=firefox, maxInstances=5, platformName=XP, platform=XP}' />
<img src='/grid/resources/org/openqa/grid/images/firefox.png' width='16' height='16' title='{server:CONFIG_UUID=aaaab456-5a74-4633-933b-df3f277bf441, seleniumProtocol=WebDriver, marionette=true, browserName=firefox, maxInstances=5, platformName=XP, platform=XP}' />
<img src='/grid/resources/org/openqa/grid/images/firefox.png' width='16' height='16' title='{server:CONFIG_UUID=aaaab456-5a74-4633-933b-df3f277bf441, seleniumProtocol=WebDriver, marionette=true, browserName=firefox, maxInstances=5, platformName=XP, platform=XP}' />
</p><p>v:<img src='/grid/resources/org/openqa/grid/images/chrome.png' width='16' height='16' title='{server:CONFIG_UUID=a5ad1d03-cb9b-4990-bb8a-34383950cd1e, seleniumProtocol=WebDriver, browserName=chrome, maxInstances=5, platformName=XP, platform=XP}' />
<img src='/grid/resources/org/openqa/grid/images/chrome.png' width='16' height='16' title='{server:CONFIG_UUID=a5ad1d03-cb9b-4990-bb8a-34383950cd1e, seleniumProtocol=WebDriver, browserName=chrome, maxInstances=5, platformName=XP, platform=XP}' />
<img src='/grid/resources/org/openqa/grid/images/chrome.png' width='16' height='16' title='{server:CONFIG_UUID=a5ad1d03-cb9b-4990-bb8a-34383950cd1e, seleniumProtocol=WebDriver, browserName=chrome, maxInstances=5, platformName=XP, platform=XP}' />
<img src='/grid/resources/org/openqa/grid/images/chrome.png' width='16' height='16' title='{server:CONFIG_UUID=a5ad1d03-cb9b-4990-bb8a-34383950cd1e, seleniumProtocol=WebDriver, browserName=chrome, maxInstances=5, platformName=XP, platform=XP}' />
<img src='/grid/resources/org/openqa/grid/images/chrome.png' width='16' height='16' title='{server:CONFIG_UUID=a5ad1d03-cb9b-4990-bb8a-34383950cd1e, seleniumProtocol=WebDriver, browserName=chrome, maxInstances=5, platformName=XP, platform=XP}' />
</p></div><div type='config' class='content_detail'><p>browserTimeout: 0</p><p>debug: false</p><p>host: 192.168.68.116</p><p>port: 48564</p><p>role: node</p><p>timeout: 1800</p><p>cleanUpCycle: 5000</p><p>maxSession: 5</p><p>capabilities: Capabilities {browserName: firefox, marionette: true, maxInstances: 5, platform: XP, platformName: XP, seleniumProtocol: WebDriver, server:CONFIG_UUID: aaaab456-5a74-4633-933b-df3...}</p><p>capabilities: Capabilities {browserName: chrome, maxInstances: 5, platform: XP, platformName: XP, seleniumProtocol: WebDriver, server:CONFIG_UUID: a5ad1d03-cb9b-4990-bb8a-343...}</p><p>capabilities: Capabilities {browserName: internet explorer, maxInstances: 1, platform: WINDOWS, platformName: WINDOWS, seleniumProtocol: WebDriver, server:CONFIG_UUID: f0a76d5a-3662-4b92-9869-1f0...}</p><p>downPollingLimit: 2</p><p>hub: http://192.168.68.125:4444</p><p>id: http://192.168.68.116:48564</p><p>nodePolling: 5000</p><p>nodeStatusCheckTimeout: 5000</p><p>proxy: org.openqa.grid.selenium.proxy.DefaultRemoteProxy</p><p>register: true</p><p>registerCycle: 5000</p><p>remoteHost: http://192.168.68.116:48564</p><p>unregisterIfStillDownAfter: 60000</p></div></div></div></div><div class='clearfix'></div><div><ul></ul></div><div id='hub-config-container'><div id='hub-config-content'><b>Config for the hub :</b><br/><abbr title='browserTimeout'>browserTimeout : </abbr>0</br><abbr title='debug'>debug : </abbr>false</br><abbr title='host'>host : </abbr>192.168.68.125</br><abbr title='port'>port : </abbr>4444</br><abbr title='role'>role : </abbr>hub</br><abbr title='timeout'>timeout : </abbr>1800</br><abbr title='cleanUpCycle'>cleanUpCycle : </abbr>5000</br><abbr title='capabilityMatcher'>capabilityMatcher : </abbr>org.openqa.grid.internal.utils.DefaultCapabilityMatcher</br><abbr title='newSessionWaitTimeout'>newSessionWaitTimeout : </abbr>-1</br><abbr title='throwOnCapabilityNotPresent'>throwOnCapabilityNotPresent : </abbr>true</br><abbr title='registry'>registry : </abbr>org.openqa.grid.internal.DefaultGridRegistry</br><div id='verbose-config-container'><a id='verbose-config-view-toggle' href='#'>View Verbose</a><div id='verbose-config-content'><br/><b>The final configuration comes from:</b><br/><b>the default :</b><br/><abbr title='browserTimeout'>browserTimeout : </abbr>0</br><abbr title='debug'>debug : </abbr>false</br><abbr title='host'>host : </abbr>0.0.0.0</br><abbr title='port'>port : </abbr>4444</br><abbr title='role'>role : </abbr>hub</br><abbr title='timeout'>timeout : </abbr>1800</br><abbr title='cleanUpCycle'>cleanUpCycle : </abbr>5000</br><abbr title='capabilityMatcher'>capabilityMatcher : </abbr>org.openqa.grid.internal.utils.DefaultCapabilityMatcher</br><abbr title='newSessionWaitTimeout'>newSessionWaitTimeout : </abbr>-1</br><abbr title='throwOnCapabilityNotPresent'>throwOnCapabilityNotPresent : </abbr>true</br><abbr title='registry'>registry : </abbr>org.openqa.grid.internal.DefaultGridRegistry</br><b>updated with command line options:</b><br/>-role hub</div></div></div><a id='config-view-toggle' href='#'>View Config</a></div></div></body></html>
at org.openqa.selenium.json.Json.toType(Json.java:169)
at org.openqa.selenium.json.Json.toType(Json.java:152)
at org.openqa.selenium.remote.ProtocolHandshake.createSession(ProtocolHandshake.java:122)
... 35 more
Caused by: org.openqa.selenium.json.JsonException: Unable to determine type from: <. Last 1 characters read: <
Build info: version: '4.14.0', revision: 'e5a96349ce'
System info: os.name: 'Windows 11', os.arch: 'amd64', os.version: '10.0', java.version: '18'
Driver info: driver.version: RemoteWebDriver
at org.openqa.selenium.json.JsonInput.peek(JsonInput.java:164)
at org.openqa.selenium.json.JsonTypeCoercer.lambda$buildCoercer$6(JsonTypeCoercer.java:170)
at org.openqa.selenium.json.JsonTypeCoercer.coerce(JsonTypeCoercer.java:149)
at org.openqa.selenium.json.Json.toType(Json.java:206)
at org.openqa.selenium.json.Json.toType(Json.java:167)
... 37 more
]]>
    </error>
  </testcase> <!-- testGrid -->
  <system-out/>
</testsuite> <!-- gridLearn.GridTrail -->
