<?xml version="1.0" encoding="UTF-8"?>
<!-- Generated by org.testng.reporters.JUnitReportReporter -->
<testsuite hostname="DESKTOP-CTNIRRU" failures="0" tests="1" name="seliniumdemo.Excel_run_apps" time="186.062" errors="0" timestamp="2024-01-02T12:43:39 IST" skipped="0">
  <testcase classname="seliniumdemo.Excel_run_apps" name="test" time="186.062"/>
  <system-out/>
</testsuite> <!-- seliniumdemo.Excel_run_apps -->
