<?xml version="1.0" encoding="UTF-8"?>
<!-- Generated by org.testng.reporters.JUnitReportReporter -->
<testsuite hostname="DESKTOP-CTNIRRU" failures="0" tests="3" name="dataProviderLearn.DP" time="0.024" errors="0" timestamp="2024-03-01T23:23:51 IST" skipped="0">
  <testcase classname="dataProviderLearn.DP" name="hello" time="0.002"/>
  <system-out/>
  <testcase classname="dataProviderLearn.DP" name="hello" time="0.001"/>
  <system-out/>
  <testcase classname="dataProviderLearn.DP" name="hello" time="0.021"/>
  <system-out/>
</testsuite> <!-- dataProviderLearn.DP -->
