<?xml version="1.0" encoding="UTF-8"?>
<!-- Generated by org.testng.reporters.JUnitReportReporter -->
<testsuite hostname="DESKTOP-CTNIRRU" failures="0" tests="2" name="parallelExecutionLearn.OrangeHRMApp" time="33.899" errors="0" timestamp="2024-01-12T11:17:19 IST" skipped="0">
  <testcase classname="parallelExecutionLearn.OrangeHRMApp" name="dPicker" time="17.125"/>
  <system-out/>
  <testcase classname="parallelExecutionLearn.OrangeHRMApp" name="dPicker" time="16.774"/>
  <system-out/>
</testsuite> <!-- parallelExecutionLearn.OrangeHRMApp -->
