<?xml version="1.0" encoding="UTF-8"?>
<!-- Generated by org.testng.reporters.JUnitReportReporter -->
<testsuite hostname="DESKTOP-CTNIRRU" failures="0" tests="1" name="rest_assured_learn.Api_get_call_learn" time="2.947" errors="0" timestamp="2024-03-25T08:08:10 IST" skipped="0">
  <testcase classname="rest_assured_learn.Api_get_call_learn" name="get_calls" time="2.947"/>
  <system-out/>
</testsuite> <!-- rest_assured_learn.Api_get_call_learn -->
