<?xml version="1.0" encoding="UTF-8"?>
<!-- Generated by org.testng.reporters.JUnitReportReporter -->
<testsuite hostname="DESKTOP-CTNIRRU" failures="0" tests="1" name="dataBaseWorkOut.DBWorkOut" time="2.567" errors="0" timestamp="2023-12-07T15:12:36 IST" skipped="0">
  <testcase classname="dataBaseWorkOut.DBWorkOut" name="dbTest" time="2.567"/>
  <system-out/>
</testsuite> <!-- dataBaseWorkOut.DBWorkOut -->
