<?xml version="1.0" encoding="UTF-8"?>
<!-- Generated by org.testng.reporters.JUnitReportReporter -->
<testsuite hostname="DESKTOP-CTNIRRU" failures="0" tests="1" name="dataBaseWorkOut.DBWorkOut" time="1.554" errors="0" timestamp="2024-02-21T09:45:32 IST" skipped="0">
  <testcase classname="dataBaseWorkOut.DBWorkOut" name="dbTest" time="1.554"/>
  <system-out/>
</testsuite> <!-- dataBaseWorkOut.DBWorkOut -->
